<?xml version="1.0" encoding="UTF-8"?>
<!-- Generated by org.testng.reporters.JUnitXMLReporter -->
<testsuite hostname="vidhya-PC" name="HelloWorld1" tests="1" failures="1" timestamp="5 Oct 2016 00:52:14 GMT" time="0.418" errors="0">
  <testcase name="getTest" time="0.412" classname="com.bluemeric.test.GenerateTest">
    <failure type="java.io.FileNotFoundException" message="D:\workspace\simple-test\output\helloworld\helloworld1.txt (The system cannot find the path specified)">
      <![CDATA[java.io.FileNotFoundException: D:\workspace\simple-test\output\helloworld\helloworld1.txt (The system cannot find the path specified)
	at java.io.FileInputStream.open0(Native Method)
	at java.io.FileInputStream.open(Unknown Source)
	at java.io.FileInputStream.<init>(Unknown Source)
	at java.util.Scanner.<init>(Unknown Source)
	at com.bluemeric.test.GenerateTest.getTest(GenerateTest.java:50)
	at com.bluemeric.test.RunTest.runTests(RunTest.java:50)
	at com.bluemeric.test.RunTest.main(RunTest.java:86)
... Removed 21 stack frames]]>
    </failure>
  </testcase> <!-- getTest -->
</testsuite> <!-- HelloWorld1 -->
