<?xml version="1.0" encoding="UTF-8"?>
<!-- Generated by org.testng.reporters.JUnitXMLReporter -->
<testsuite hostname="vidhya-PC" name="LIST-Cantas" tests="1" failures="1" timestamp="5 Oct 2016 01:12:09 GMT" time="0.261" errors="0">
  <testcase name="getTest" time="0.258" classname="com.bluemeric.test.GenerateTest">
    <failure type="java.lang.AssertionError" message="Expected response code is 200. But got 500. Hence failed the test.">
      <![CDATA[java.lang.AssertionError: Expected response code is 200. But got 500. Hence failed the test.
	at com.bluemeric.test.GenerateTest.getTest(GenerateTest.java:47)
	at com.bluemeric.test.RunTest.runTests(RunTest.java:50)
	at com.bluemeric.test.RunTest.main(RunTest.java:86)
... Removed 22 stack frames]]>
    </failure>
  </testcase> <!-- getTest -->
</testsuite> <!-- LIST-Cantas -->
