<?xml version="1.0" encoding="UTF-8"?>
<!-- Generated by org.testng.reporters.JUnitXMLReporter -->
<testsuite hostname="vidhya-PC" name="CreateUser1" tests="1" failures="1" timestamp="5 Oct 2016 00:53:21 GMT" time="0.43" errors="0">
  <testcase name="getTest" time="0.429" classname="com.bluemeric.test.GenerateTest">
    <failure type="java.lang.AssertionError" message="Expected response is &amp;lt;h1&amp;gt;Create new user&amp;lt;/h1&amp;gt;. But received reponse = &amp;lt;!DOCTYPE html&amp;gt;&amp;lt;html&amp;gt;&amp;lt;head&amp;gt;&amp;lt;title&amp;gt;New to Cantas?&amp;lt;/title&amp;gt;&amp;lt;meta content=&amp;quot;width=device-width, minimum-scale=1.0, maximum-scale=1.0&amp;quot; name=&amp;quot;viewport&amp;quot;&amp;gt;&amp;lt;link href=&amp;quot;/images/favicon.ico&amp;quot; type=&amp;quot;image/x-icon&amp;quot; rel=&amp;quot;shortcut icon&amp;quot;&amp;gt;&amp;lt;link rel=&amp;quot;stylesheet&amp;quot; href=&amp;quot;/stylesheets/eso-theme.css&amp;quot;&amp;gt;&amp;lt;link rel=&amp;quot;stylesheet&amp;quot; href=&amp;quot;/stylesheets/project.css&amp;quot;&amp;gt;&amp;lt;/head&amp;gt;&amp;lt;body onload=&amp;quot;init()&amp;quot;&amp;gt;&amp;lt;section class=&amp;quot;login&amp;quot;&amp;gt;&amp;lt;div class=&amp;quot;login-input card&amp;quot;&amp;gt;&amp;lt;header&amp;gt;&amp;lt;img src=&amp;quot;/images/cantas-login.png&amp;quot; class=&amp;quot;login-header&amp;quot;&amp;gt;&amp;lt;/header&amp;gt;&amp;lt;form action=&amp;quot;/login&amp;quot; method=&amp;quot;POST&amp;quot;&amp;gt;&amp;lt;input type=&amp;quot;text&amp;quot; name=&amp;quot;username&amp;quot; id=&amp;quot;username-login&amp;quot; placeholder=&amp;quot;Username&amp;quot; tabindex=&amp;quot;1&amp;quot; a utocomplete=&amp;quot;off&amp;quot; autocorrect=&amp;quot;off&amp;quot; spellcheck=&amp;quot;false&amp;quot; autocapitalize=&amp;quot;off&amp;quot; autofocus=&amp;quot;&amp;quot;&amp;gt;&amp;lt;input type=&amp;quot;password&amp;quot; placeholder=&amp;quot;Password&amp;quot; name=&amp;quot;password&amp;quot; id=&amp;quot;password-login&amp;quot; tabindex=&amp;quot;2&amp;quot;&amp;gt;&amp;lt;button type=&amp;quot;submit&amp;quot; tabindex=&amp;quot;3&amp;quot; class=&amp;quot;btn btn-inverse login-button&amp;quot;&amp;gt;Log In&amp;lt;/button&amp;gt;&amp;lt;a id=&amp;quot;loginWithGoogle&amp;quot; href=&amp;quot;/auth/google&amp;quot;&amp;gt;Log in with Google&amp;lt;/a&amp;gt;&amp;lt;/form&amp;gt;&amp;lt;/div&amp;gt;&amp;lt;p&amp;gt;&amp;lt;/p&amp;gt;&amp;lt;/section&amp;gt;&amp;lt;div id=&amp;quot;browser-version-alert&amp;quot; class=&amp;quot;force-alert hide fade&amp;quot;&amp;gt;&amp;lt;div class=&amp;quot;alert-content&amp;quot;&amp;gt;&amp;lt;p&amp;gt;Your browser&amp;lt;span id=&amp;quot;currentVersion&amp;quot;&amp;gt;&amp;lt;/span&amp;gt; is too low to run Cantas stably. We recommend Chrome 10+, FireFox 10+, Safari 6+ etc.&amp;lt;/p&amp;gt;&amp;lt;a href=&amp;quot;/standalonehelp#browserSupportMatrix&amp;quot;&amp;gt;Browser Support Matrix&amp;lt;/a&amp;gt;&amp;lt;/div&amp;gt;&amp;lt;/div&amp;gt;&amp;lt;script type=&amp;quot;text/javascript&amp;quot;&amp;gt;function init(){
  var browserVersionInfo = {
    msie: false, firefox: false, opera: false, safari: false,
    name: &amp;apos;unknown&amp;apos;, version: 0
  },
  userAgent = window.navigator.userAgent.toLowerCase();
  if(/(msie|firefox|opera|chrome)\D+(\d[\d.]*)/.test(userAgent)) {
    browserVersionInfo[RegExp.$1] = true;
    browserVersionInfo.name = RegExp.$1;
    browserVersionInfo.version = RegExp.$2;
  }
  else if(/version\D+(\d[\d.]*).*safari/.test(userAgent)) {
    browserVersionInfo.safari = true;
    browserVersionInfo.name = &amp;apos;safari&amp;apos;;
    browserVersionInfo.version = RegExp.$1;
  }

  var browserName = browserVersionInfo.name;
  var version = browserVersionInfo.version;
  var majorVersion = version.slice(0,version.indexOf(&amp;apos;.&amp;apos;));
  var isLow = false;
  if(browserVersionInfo.chrome &amp;amp;&amp;amp; majorVersion &amp;lt; 10) {
    isLow = true;
  }
  else if(browserVersionInfo.firefox &amp;amp;&amp;amp; majorVersion &amp;lt; 10) {
    isLow = true;
  }
  else if(browserVersionInfo.safari &amp;amp;&amp;amp; majorVersion &amp;lt; 6) {
    isLow = true;
  }
  if(isLow) {
    window.document.getElementById(&amp;apos;currentVersion&amp;apos;).textContent = browserName + &amp;apos; &amp;apos; + version;
    window.document.getElementById(&amp;apos;browser-version-alert&amp;apos;).setAttribute(&amp;apos;class&amp;apos;,&amp;apos;force-alert fade&amp;apos;);

    var loginForm = window.document.body.getElementsByTagName(&amp;apos;form&amp;apos;)[0];
    loginForm.parentNode.removeChild(loginForm);
  }

};&amp;lt;/script&amp;gt;&amp;lt;/body&amp;gt;&amp;lt;/html&amp;gt;. Output mismatching. Hence failing the test.">
      <![CDATA[java.lang.AssertionError: Expected response is <h1>Create new user</h1>. But received reponse = <!DOCTYPE html><html><head><title>New to Cantas?</title><meta content="width=device-width, minimum-scale=1.0, maximum-scale=1.0" name="viewport"><link href="/images/favicon.ico" type="image/x-icon" rel="shortcut icon"><link rel="stylesheet" href="/stylesheets/eso-theme.css"><link rel="stylesheet" href="/stylesheets/project.css"></head><body onload="init()"><section class="login"><div class="login-input card"><header><img src="/images/cantas-login.png" class="login-header"></header><form action="/login" method="POST"><input type="text" name="username" id="username-login" placeholder="Username" tabindex="1" a utocomplete="off" autocorrect="off" spellcheck="false" autocapitalize="off" autofocus=""><input type="password" placeholder="Password" name="password" id="password-login" tabindex="2"><button type="submit" tabindex="3" class="btn btn-inverse login-button">Log In</button><a id="loginWithGoogle" href="/auth/google">Log in with Google</a></form></div><p></p></section><div id="browser-version-alert" class="force-alert hide fade"><div class="alert-content"><p>Your browser<span id="currentVersion"></span> is too low to run Cantas stably. We recommend Chrome 10+, FireFox 10+, Safari 6+ etc.</p><a href="/standalonehelp#browserSupportMatrix">Browser Support Matrix</a></div></div><script type="text/javascript">function init(){
  var browserVersionInfo = {
    msie: false, firefox: false, opera: false, safari: false,
    name: 'unknown', version: 0
  },
  userAgent = window.navigator.userAgent.toLowerCase();
  if(/(msie|firefox|opera|chrome)\D+(\d[\d.]*)/.test(userAgent)) {
    browserVersionInfo[RegExp.$1] = true;
    browserVersionInfo.name = RegExp.$1;
    browserVersionInfo.version = RegExp.$2;
  }
  else if(/version\D+(\d[\d.]*).*safari/.test(userAgent)) {
    browserVersionInfo.safari = true;
    browserVersionInfo.name = 'safari';
    browserVersionInfo.version = RegExp.$1;
  }

  var browserName = browserVersionInfo.name;
  var version = browserVersionInfo.version;
  var majorVersion = version.slice(0,version.indexOf('.'));
  var isLow = false;
  if(browserVersionInfo.chrome && majorVersion < 10) {
    isLow = true;
  }
  else if(browserVersionInfo.firefox && majorVersion < 10) {
    isLow = true;
  }
  else if(browserVersionInfo.safari && majorVersion < 6) {
    isLow = true;
  }
  if(isLow) {
    window.document.getElementById('currentVersion').textContent = browserName + ' ' + version;
    window.document.getElementById('browser-version-alert').setAttribute('class','force-alert fade');

    var loginForm = window.document.body.getElementsByTagName('form')[0];
    loginForm.parentNode.removeChild(loginForm);
  }

};</script></body></html>. Output mismatching. Hence failing the test.
	at com.bluemeric.test.GenerateTest.getTest(GenerateTest.java:54)
	at com.bluemeric.test.RunTest.runTests(RunTest.java:50)
	at com.bluemeric.test.RunTest.main(RunTest.java:86)
... Removed 22 stack frames]]>
    </failure>
  </testcase> <!-- getTest -->
</testsuite> <!-- CreateUser1 -->
